Arguments: 
  /Users/matthewchuang/.nvm/versions/node/v14.16.0/bin/node /Users/matthewchuang/.yarn/bin/yarn.js add XMLHttpRequest

PATH: 
  /Users/matthewchuang/Documents/2_spring/voicebot/google-cloud-sdk/bin:/Users/matthewchuang/.yarn/bin:/Users/matthewchuang/.config/yarn/global/node_modules/.bin:/usr/local/sbin:/Users/matthewchuang/opt/anaconda3/condabin:/Users/matthewchuang/.nvm/versions/node/v14.16.0/bin:/bin:/usr/bin:/usr/ucb:/usr/local/bin:/Users/matthewchuang/.rvm/bin

Yarn version: 
  1.22.5

Node version: 
  14.16.0

Platform: 
  darwin x64

Trace: 
  Error: https://registry.yarnpkg.com/XMLHttpRequest: Not found
      at Request.params.callback [as _callback] (/Users/matthewchuang/.yarn/lib/cli.js:66988:18)
      at Request.self.callback (/Users/matthewchuang/.yarn/lib/cli.js:140749:22)
      at Request.emit (events.js:315:20)
      at Request.<anonymous> (/Users/matthewchuang/.yarn/lib/cli.js:141721:10)
      at Request.emit (events.js:315:20)
      at IncomingMessage.<anonymous> (/Users/matthewchuang/.yarn/lib/cli.js:141643:12)
      at Object.onceWrapper (events.js:421:28)
      at IncomingMessage.emit (events.js:327:22)
      at endReadableNT (internal/streams/readable.js:1327:12)
      at processTicksAndRejections (internal/process/task_queues.js:80:21)

npm manifest: 
  No manifest

yarn manifest: 
  No manifest

Lockfile: 
  No lockfile
